<component name="libraryTable">
  <library name="junit4_4.3.1">
    <CLASSES>
      <root url="file://C:/Java/junit4_4.3.1.jar" />
      <root url="jar://C:/Java/junit4_4.3.1.jar.zip!/" />
    </CLASSES>
    <JAVADOC />
    <SOURCES />
    <jarDirectory url="file://C:/Java/junit4_4.3.1.jar" recursive="false" />
  </library>
</component>